<?xml version="1.0" encoding="UTF-8"?>
<!-- Generated by org.testng.reporters.JUnitReportReporter -->
<testsuite hostname="DESKTOP-HBRT417" failures="0" tests="1" name="class59_DataProviderExcel.ExcelReading2" time="1.298" errors="0" timestamp="2024-05-06T15:29:05 IST" skipped="0">
  <testcase classname="class59_DataProviderExcel.ExcelReading2" name="readData" time="1.298"/>
  <system-out/>
</testsuite> <!-- class59_DataProviderExcel.ExcelReading2 -->
