<?xml version="1.0" encoding="UTF-8"?>
<!-- Generated by org.testng.reporters.JUnitReportReporter -->
<testsuite hostname="DESKTOP-HBRT417" failures="0" tests="2" name="class58_DataProvider.DataProvider" time="0.018" errors="0" timestamp="2024-05-05T18:49:00 IST" skipped="0">
  <testcase classname="class58_DataProvider.DataProvider" name="test1" time="0.003"/>
  <system-out/>
  <testcase classname="class58_DataProvider.DataProvider" name="test1" time="0.015"/>
  <system-out/>
</testsuite> <!-- class58_DataProvider.DataProvider -->
