<?xml version="1.0" encoding="UTF-8"?>
<!-- Generated by org.testng.reporters.JUnitReportReporter -->
<testsuite hostname="DESKTOP-HBRT417" failures="0" tests="3" name="class57_ParallelExecution.ParallelTest" time="0.087" errors="0" timestamp="2024-05-05T14:17:08 IST" skipped="0">
  <testcase classname="class57_ParallelExecution.ParallelTest" name="test2" time="0.028"/>
  <system-out>
    <![CDATA[Thread id 19
Test 2 Executed]]>
  </system-out>
  <testcase classname="class57_ParallelExecution.ParallelTest" name="test3" time="0.029"/>
  <system-out>
    <![CDATA[Thread id 20
Test 3 Executed]]>
  </system-out>
  <testcase classname="class57_ParallelExecution.ParallelTest" name="test1" time="0.030"/>
  <system-out>
    <![CDATA[Thread id 18
Test 1 Executed]]>
  </system-out>
</testsuite> <!-- class57_ParallelExecution.ParallelTest -->
