<?xml version="1.0" encoding="UTF-8"?>
<!-- Generated by org.testng.reporters.JUnitReportReporter -->
<testsuite hostname="DESKTOP-HBRT417" failures="0" tests="7" name="class56_TestNGSelenium.test" time="36.704" errors="0" timestamp="2024-05-05T12:58:30 IST" skipped="0">
  <testcase classname="class56_TestNGSelenium.test" name="loginToApplication" time="3.676"/>
  <system-out/>
  <testcase classname="class56_TestNGSelenium.test" name="createCatergory" time="1.544"/>
  <system-out/>
  <testcase classname="class56_TestNGSelenium.test" name="verifyCategoryOnRegistration" time="3.590"/>
  <system-out/>
  <testcase classname="class56_TestNGSelenium.test" name="updateCategory" time="4.051"/>
  <system-out/>
  <testcase classname="class56_TestNGSelenium.test" name="deleteCategory" time="11.025"/>
  <system-out/>
  <testcase classname="class56_TestNGSelenium.test" name="deleteCatergoryFromSignup" time="12.245"/>
  <system-out/>
  <testcase classname="class56_TestNGSelenium.test" name="logoutFromApplication" time="0.573"/>
  <system-out/>
</testsuite> <!-- class56_TestNGSelenium.test -->
