<?xml version="1.0" encoding="UTF-8"?>
<!-- Generated by org.testng.reporters.JUnitReportReporter -->
<testsuite hostname="DESKTOP-HBRT417" failures="0" tests="21" name="class57_ParallelExecution.LoginTextAssign" time="116.467" errors="0" timestamp="2024-05-05T14:41:39 IST" skipped="0">
  <testcase classname="class57_ParallelExecution.LoginTextAssign" name="loginApplication" time="3.264"/>
  <system-out/>
  <testcase classname="class57_ParallelExecution.LoginTextAssign" name="loginApplication" time="3.769"/>
  <system-out/>
  <testcase classname="class57_ParallelExecution.LoginTextAssign" name="loginApplication" time="4.892"/>
  <system-out/>
  <testcase classname="class57_ParallelExecution.LoginTextAssign" name="createCategory" time="2.020"/>
  <system-out/>
  <testcase classname="class57_ParallelExecution.LoginTextAssign" name="createCategory" time="1.579"/>
  <system-out/>
  <testcase classname="class57_ParallelExecution.LoginTextAssign" name="createCategory" time="1.366"/>
  <system-out/>
  <testcase classname="class57_ParallelExecution.LoginTextAssign" name="verifyCategory" time="4.158"/>
  <system-out/>
  <testcase classname="class57_ParallelExecution.LoginTextAssign" name="verifyCategory" time="4.733"/>
  <system-out/>
  <testcase classname="class57_ParallelExecution.LoginTextAssign" name="verifyCategory" time="3.648"/>
  <system-out/>
  <testcase classname="class57_ParallelExecution.LoginTextAssign" name="updateCategory" time="4.701"/>
  <system-out/>
  <testcase classname="class57_ParallelExecution.LoginTextAssign" name="updateCategory" time="4.144"/>
  <system-out/>
  <testcase classname="class57_ParallelExecution.LoginTextAssign" name="updateCategory" time="4.185"/>
  <system-out/>
  <testcase classname="class57_ParallelExecution.LoginTextAssign" name="deleteCategory" time="11.080"/>
  <system-out/>
  <testcase classname="class57_ParallelExecution.LoginTextAssign" name="deleteCategory" time="10.876"/>
  <system-out/>
  <testcase classname="class57_ParallelExecution.LoginTextAssign" name="deleteCategory" time="11.321"/>
  <system-out/>
  <testcase classname="class57_ParallelExecution.LoginTextAssign" name="deleteCategoryFromSignup" time="13.396"/>
  <system-out/>
  <testcase classname="class57_ParallelExecution.LoginTextAssign" name="deleteCategoryFromSignup" time="12.657"/>
  <system-out/>
  <testcase classname="class57_ParallelExecution.LoginTextAssign" name="deleteCategoryFromSignup" time="12.917"/>
  <system-out/>
  <testcase classname="class57_ParallelExecution.LoginTextAssign" name="logoutFromApplication" time="0.474"/>
  <system-out/>
  <testcase classname="class57_ParallelExecution.LoginTextAssign" name="logoutFromApplication" time="0.676"/>
  <system-out/>
  <testcase classname="class57_ParallelExecution.LoginTextAssign" name="logoutFromApplication" time="0.611"/>
  <system-out/>
</testsuite> <!-- class57_ParallelExecution.LoginTextAssign -->
