<?xml version="1.0" encoding="UTF-8"?>
<!-- Generated by org.testng.reporters.JUnitReportReporter -->
<testsuite hostname="DESKTOP-HBRT417" failures="0" tests="1" name="class58_DataProvider.ReadingExcel" time="1.317" errors="0" timestamp="2024-05-05T19:49:05 IST" skipped="0">
  <testcase classname="class58_DataProvider.ReadingExcel" name="readData" time="1.317"/>
  <system-out/>
</testsuite> <!-- class58_DataProvider.ReadingExcel -->
