<?xml version="1.0" encoding="UTF-8"?>
<!-- Generated by org.testng.reporters.JUnitReportReporter -->
<testsuite hostname="DESKTOP-HBRT417" failures="0" tests="1" name="class64_propertiesFile.ReadConfigFile2" time="0.019" errors="0" timestamp="2024-05-12T14:10:43 IST" skipped="0">
  <testcase classname="class64_propertiesFile.ReadConfigFile2" name="readConfig" time="0.019"/>
  <system-out/>
</testsuite> <!-- class64_propertiesFile.ReadConfigFile2 -->
