<?xml version="1.0" encoding="UTF-8"?>
<!-- Generated by org.testng.reporters.JUnitReportReporter -->
<testsuite hostname="DESKTOP-HBRT417" failures="0" tests="3" name="class57_ParallelExecution.ParallelTest2" time="0.029" errors="0" timestamp="2024-05-05T14:17:08 IST" skipped="0">
  <testcase classname="class57_ParallelExecution.ParallelTest2" name="test4" time="0.019"/>
  <system-out>
    <![CDATA[Thread id 20
Test 4 Executed]]>
  </system-out>
  <testcase classname="class57_ParallelExecution.ParallelTest2" name="test5" time="0.006"/>
  <system-out>
    <![CDATA[Thread id 18
Test 5 Executed]]>
  </system-out>
  <testcase classname="class57_ParallelExecution.ParallelTest2" name="test6" time="0.004"/>
  <system-out>
    <![CDATA[Thread id 20
Test 6 Executed]]>
  </system-out>
</testsuite> <!-- class57_ParallelExecution.ParallelTest2 -->
