<?xml version="1.0" encoding="UTF-8"?>
<!-- Generated by org.testng.reporters.JUnitReportReporter -->
<testsuite hostname="DESKTOP-HBRT417" failures="0" tests="1" name="class64_propertiesFile.ReadConfigFile" time="0.039" errors="0" timestamp="2024-05-12T14:08:36 IST" skipped="0">
  <testcase classname="class64_propertiesFile.ReadConfigFile" name="readConfig" time="0.039"/>
  <system-out/>
</testsuite> <!-- class64_propertiesFile.ReadConfigFile -->
