<?xml version="1.0" encoding="UTF-8"?>
<!-- Generated by org.testng.reporters.JUnitReportReporter -->
<testsuite hostname="DESKTOP-HBRT417" failures="0" tests="6" name="class54_TestNG.FirstTestNGtest2" time="0.012" errors="0" timestamp="2024-05-03T19:44:29 IST" skipped="0">
  <testcase classname="class54_TestNG.FirstTestNGtest2" name="logintest" time="0.002"/>
  <system-out/>
  <testcase classname="class54_TestNG.FirstTestNGtest2" name="createcourses" time="0.002"/>
  <system-out/>
  <testcase classname="class54_TestNG.FirstTestNGtest2" name="categorycreated" time="0.001"/>
  <system-out/>
  <testcase classname="class54_TestNG.FirstTestNGtest2" name="deletecategory" time="0.002"/>
  <system-out/>
  <testcase classname="class54_TestNG.FirstTestNGtest2" name="deletecourses" time="0.003"/>
  <system-out/>
  <testcase classname="class54_TestNG.FirstTestNGtest2" name="logout" time="0.002"/>
  <system-out/>
</testsuite> <!-- class54_TestNG.FirstTestNGtest2 -->
