<?xml version="1.0" encoding="UTF-8"?>
<!-- Generated by org.testng.reporters.JUnitReportReporter -->
<testsuite hostname="DESKTOP-HBRT417" failures="0" tests="1" name="class63_POM.PageObjectModel" time="9.076" errors="0" timestamp="2024-05-12T08:33:42 IST" skipped="0">
  <testcase classname="class63_POM.PageObjectModel" name="loginTest" time="9.076"/>
  <system-out/>
</testsuite> <!-- class63_POM.PageObjectModel -->
