<?xml version="1.0" encoding="UTF-8"?>
<!-- Generated by org.testng.reporters.JUnitReportReporter -->
<testsuite hostname="DESKTOP-HBRT417" failures="0" tests="7" name="class56_TestNGSelenium.LoginTextAssign1" time="36.012" errors="0" timestamp="2024-05-05T13:08:18 IST" skipped="0">
  <testcase classname="class56_TestNGSelenium.LoginTextAssign1" name="loginApplication" time="0.824"/>
  <system-out/>
  <testcase classname="class56_TestNGSelenium.LoginTextAssign1" name="createCategory" time="1.731"/>
  <system-out/>
  <testcase classname="class56_TestNGSelenium.LoginTextAssign1" name="verifyCategory" time="3.728"/>
  <system-out/>
  <testcase classname="class56_TestNGSelenium.LoginTextAssign1" name="updateCategory" time="4.043"/>
  <system-out/>
  <testcase classname="class56_TestNGSelenium.LoginTextAssign1" name="deleteCategory" time="10.849"/>
  <system-out/>
  <testcase classname="class56_TestNGSelenium.LoginTextAssign1" name="deleteCategoryFromSignup" time="14.305"/>
  <system-out/>
  <testcase classname="class56_TestNGSelenium.LoginTextAssign1" name="logoutFromApplication" time="0.532"/>
  <system-out/>
</testsuite> <!-- class56_TestNGSelenium.LoginTextAssign1 -->
