<?xml version="1.0" encoding="UTF-8"?>
<!-- Generated by org.testng.reporters.JUnitReportReporter -->
<testsuite hostname="DESKTOP-HBRT417" failures="0" tests="6" name="class54_TestNG.FirstTestNGtest" time="0.054" errors="0" timestamp="2024-05-03T19:56:11 IST" skipped="0">
  <testcase classname="class54_TestNG.FirstTestNGtest" name="test2" time="0.006"/>
  <system-out/>
  <testcase classname="class54_TestNG.FirstTestNGtest" name="test3" time="0.008"/>
  <system-out/>
  <testcase classname="class54_TestNG.FirstTestNGtest" name="test3" time="0.006"/>
  <system-out/>
  <testcase classname="class54_TestNG.FirstTestNGtest" name="test1" time="0.016"/>
  <system-out/>
  <testcase classname="class54_TestNG.FirstTestNGtest" name="test3" time="0.007"/>
  <system-out/>
  <testcase classname="class54_TestNG.FirstTestNGtest" name="test3" time="0.011"/>
  <system-out/>
</testsuite> <!-- class54_TestNG.FirstTestNGtest -->
